<?xml version="1.0" encoding="UTF-8"?>
<!-- Generated by org.testng.reporters.JUnitReportReporter -->
<testsuite hostname="Niel" failures="0" tests="1" name="com.framework.tests.LoginTest" time="0.317" errors="0" timestamp="2022-11-19T17:15:05 IST" skipped="0">
  <testcase classname="com.framework.tests.LoginTest" name="validateLogin" time="0.317"/>
  <system-out/>
</testsuite> <!-- com.framework.tests.LoginTest -->
